<?xml version="1.0" encoding="UTF-8"?>
<!-- Generated by org.testng.reporters.JUnitXMLReporter -->
<testsuite ignored="0" hostname="DESKTOP-QA6F3LA" failures="0" tests="5" name="Default test" time="71.887" errors="0" timestamp="2020-08-14T18:50:26 EDT">
  <testcase classname="tests.BrowseJobsTest" name="Blockchain" time="5.561"/>
  <testcase classname="tests.BrowseJobsTest" name="DataAnaystJobs" time="4.719"/>
  <testcase classname="tests.BrowseJobsTest" name="Java" time="4.501"/>
  <testcase classname="tests.BrowseJobsTest" name="ProjectManagerJobs" time="4.885"/>
  <testcase classname="tests.BrowseJobsTest" name="Selelnium" time="5.465"/>
</testsuite> <!-- Default test -->
