<?xml version="1.0" encoding="UTF-8"?>
<testng-results ignored="0" total="5" passed="5" failed="0" skipped="0">
  <reporter-output>
  </reporter-output>
  <suite started-at="2020-08-14T18:49:14 EDT" name="Default suite" finished-at="2020-08-14T18:50:26 EDT" duration-ms="71887">
    <groups>
    </groups>
    <test started-at="2020-08-14T18:49:14 EDT" name="Default test" finished-at="2020-08-14T18:50:26 EDT" duration-ms="71887">
      <class name="tests.BrowseJobsTest">
        <test-method is-config="true" signature="setUpMethod()[pri:0, instance:tests.BrowseJobsTest@6f1de4c7]" started-at="2020-08-14T18:49:14 EDT" name="setUpMethod" finished-at="2020-08-14T18:49:24 EDT" duration-ms="10387" status="PASS">
          <reporter-output>
          </reporter-output>
        </test-method> <!-- setUpMethod -->
        <test-method signature="Blockchain()[pri:0, instance:tests.BrowseJobsTest@6f1de4c7]" started-at="2020-08-14T18:49:24 EDT" name="Blockchain" finished-at="2020-08-14T18:49:30 EDT" duration-ms="5561" status="PASS">
          <reporter-output>
          </reporter-output>
        </test-method> <!-- Blockchain -->
        <test-method is-config="true" signature="tearDownMethod()[pri:0, instance:tests.BrowseJobsTest@6f1de4c7]" started-at="2020-08-14T18:49:30 EDT" name="tearDownMethod" finished-at="2020-08-14T18:49:31 EDT" duration-ms="931" status="PASS">
          <reporter-output>
          </reporter-output>
        </test-method> <!-- tearDownMethod -->
        <test-method is-config="true" signature="setUpMethod()[pri:0, instance:tests.BrowseJobsTest@6f1de4c7]" started-at="2020-08-14T18:49:31 EDT" name="setUpMethod" finished-at="2020-08-14T18:49:39 EDT" duration-ms="8431" status="PASS">
          <reporter-output>
          </reporter-output>
        </test-method> <!-- setUpMethod -->
        <test-method signature="DataAnaystJobs()[pri:0, instance:tests.BrowseJobsTest@6f1de4c7]" started-at="2020-08-14T18:49:39 EDT" name="DataAnaystJobs" finished-at="2020-08-14T18:49:44 EDT" duration-ms="4719" status="PASS">
          <reporter-output>
          </reporter-output>
        </test-method> <!-- DataAnaystJobs -->
        <test-method is-config="true" signature="tearDownMethod()[pri:0, instance:tests.BrowseJobsTest@6f1de4c7]" started-at="2020-08-14T18:49:44 EDT" name="tearDownMethod" finished-at="2020-08-14T18:49:45 EDT" duration-ms="1287" status="PASS">
          <reporter-output>
          </reporter-output>
        </test-method> <!-- tearDownMethod -->
        <test-method is-config="true" signature="setUpMethod()[pri:0, instance:tests.BrowseJobsTest@6f1de4c7]" started-at="2020-08-14T18:49:45 EDT" name="setUpMethod" finished-at="2020-08-14T18:49:53 EDT" duration-ms="7478" status="PASS">
          <reporter-output>
          </reporter-output>
        </test-method> <!-- setUpMethod -->
        <test-method signature="Java()[pri:0, instance:tests.BrowseJobsTest@6f1de4c7]" started-at="2020-08-14T18:49:53 EDT" name="Java" finished-at="2020-08-14T18:49:57 EDT" duration-ms="4501" status="PASS">
          <reporter-output>
          </reporter-output>
        </test-method> <!-- Java -->
        <test-method is-config="true" signature="tearDownMethod()[pri:0, instance:tests.BrowseJobsTest@6f1de4c7]" started-at="2020-08-14T18:49:57 EDT" name="tearDownMethod" finished-at="2020-08-14T18:49:58 EDT" duration-ms="913" status="PASS">
          <reporter-output>
          </reporter-output>
        </test-method> <!-- tearDownMethod -->
        <test-method is-config="true" signature="setUpMethod()[pri:0, instance:tests.BrowseJobsTest@6f1de4c7]" started-at="2020-08-14T18:49:58 EDT" name="setUpMethod" finished-at="2020-08-14T18:50:06 EDT" duration-ms="7614" status="PASS">
          <reporter-output>
          </reporter-output>
        </test-method> <!-- setUpMethod -->
        <test-method signature="ProjectManagerJobs()[pri:0, instance:tests.BrowseJobsTest@6f1de4c7]" started-at="2020-08-14T18:50:06 EDT" name="ProjectManagerJobs" finished-at="2020-08-14T18:50:11 EDT" duration-ms="4885" status="PASS">
          <reporter-output>
          </reporter-output>
        </test-method> <!-- ProjectManagerJobs -->
        <test-method is-config="true" signature="tearDownMethod()[pri:0, instance:tests.BrowseJobsTest@6f1de4c7]" started-at="2020-08-14T18:50:11 EDT" name="tearDownMethod" finished-at="2020-08-14T18:50:12 EDT" duration-ms="1289" status="PASS">
          <reporter-output>
          </reporter-output>
        </test-method> <!-- tearDownMethod -->
        <test-method is-config="true" signature="setUpMethod()[pri:0, instance:tests.BrowseJobsTest@6f1de4c7]" started-at="2020-08-14T18:50:12 EDT" name="setUpMethod" finished-at="2020-08-14T18:50:19 EDT" duration-ms="7278" status="PASS">
          <reporter-output>
          </reporter-output>
        </test-method> <!-- setUpMethod -->
        <test-method signature="Selelnium()[pri:0, instance:tests.BrowseJobsTest@6f1de4c7]" started-at="2020-08-14T18:50:19 EDT" name="Selelnium" finished-at="2020-08-14T18:50:25 EDT" duration-ms="5465" status="PASS">
          <reporter-output>
          </reporter-output>
        </test-method> <!-- Selelnium -->
        <test-method is-config="true" signature="tearDownMethod()[pri:0, instance:tests.BrowseJobsTest@6f1de4c7]" started-at="2020-08-14T18:50:25 EDT" name="tearDownMethod" finished-at="2020-08-14T18:50:26 EDT" duration-ms="1069" status="PASS">
          <reporter-output>
          </reporter-output>
        </test-method> <!-- tearDownMethod -->
      </class> <!-- tests.BrowseJobsTest -->
    </test> <!-- Default test -->
  </suite> <!-- Default suite -->
</testng-results>
